<?xml version="1.0" encoding="UTF-8"?>
<!-- Generated by org.testng.reporters.JUnitReportReporter -->
<testsuite hostname="MacKavitha.attlocal.net" failures="0" tests="1" name="testcode.webviewHandling" time="0.022" errors="0" timestamp="2024-06-14T11:53:26 PDT" skipped="0">
  <testcase classname="testcode.webviewHandling" name="webViewHandling" time="0.022"/>
  <system-out/>
</testsuite> <!-- testcode.webviewHandling -->
